{
  "RSpec": {
    "coverage": {
      "/Users/balrakhra/Projects/book_manager/bookmarks-manager-monday/spec/features/bookmark_index_spec.rb": {
        "lines": [
          1,
          1,
          1,
          1,
          null,
          null
        ]
      },
      "/Users/balrakhra/Projects/book_manager/bookmarks-manager-monday/spec/features/index_spec.rb": {
        "lines": [
          1,
          1,
          1,
          1,
          null,
          null
        ]
      },
      "/Users/balrakhra/Projects/book_manager/bookmarks-manager-monday/spec/unit/bookmark_spec.rb": {
        "lines": [
          1,
          1,
          1,
          1,
          1,
          1,
          1,
          1,
          null,
          null,
          null
        ]
      }
    },
    "timestamp": 1649772228
  }
}
