{
  "RSpec": {
    "coverage": {
      "/Users/almorcrette/coding/projects/bookmark-manager/bookmarks-manager-wednesday/spec/features/bookmark_index_spec.rb": {
        "lines": [
          1,
          null,
          1,
          1,
          1,
          null,
          null,
          1,
          1,
          1,
          1,
          1,
          1,
          1,
          null,
          null,
          1,
          1,
          1,
          null,
          null
        ]
      },
      "/Users/almorcrette/coding/projects/bookmark-manager/bookmarks-manager-wednesday/spec/features/bookmark_new_spec.rb": {
        "lines": [
          1,
          1,
          1,
          1,
          1,
          1,
          1,
          null,
          null
        ]
      },
      "/Users/almorcrette/coding/projects/bookmark-manager/bookmarks-manager-wednesday/spec/features/form_spec.rb": {
        "lines": [
          1,
          1,
          1,
          1,
          1,
          1,
          1,
          null,
          null
        ]
      },
      "/Users/almorcrette/coding/projects/bookmark-manager/bookmarks-manager-wednesday/spec/features/index_spec.rb": {
        "lines": [
          1,
          null,
          1,
          1,
          1,
          1,
          null,
          null
        ]
      },
      "/Users/almorcrette/coding/projects/bookmark-manager/bookmarks-manager-wednesday/spec/unit/bookmark_add_spec.rb": {
        "lines": [
          1,
          null,
          1,
          1,
          1,
          1,
          1,
          1,
          1,
          null,
          null,
          null
        ]
      },
      "/Users/almorcrette/coding/projects/bookmark-manager/bookmarks-manager-wednesday/spec/unit/bookmark_spec.rb": {
        "lines": [
          1,
          1,
          null,
          1,
          1,
          1,
          1,
          1,
          1,
          1,
          null,
          1,
          null,
          1,
          1,
          1,
          null,
          null,
          null
        ]
      }
    },
    "timestamp": 1649863898
  }
}
